f:/uefiworkspace/Build/AppPkg/DEBUG_VS2019/IA32/AppPkg/Applications/Main/Main/OUTPUT/Main.lib
f:/uefiworkspace/Build/AppPkg/DEBUG_VS2019/IA32/MdePkg/Library/UefiApplicationEntryPoint/UefiApplicationEntryPoint/OUTPUT/UefiApplicationEntryPoint.lib
f:/uefiworkspace/Build/AppPkg/DEBUG_VS2019/IA32/ShellPkg/Library/UefiShellCEntryLib/UefiShellCEntryLib/OUTPUT/UefiShellCEntryLib.lib
f:/uefiworkspace/Build/AppPkg/DEBUG_VS2019/IA32/StdLib/LibC/Signal/Signal/OUTPUT/LibSignal.lib
f:/uefiworkspace/Build/AppPkg/DEBUG_VS2019/IA32/MdePkg/Library/BasePrintLib/BasePrintLib/OUTPUT/BasePrintLib.lib
f:/uefiworkspace/Build/AppPkg/DEBUG_VS2019/IA32/StdLib/LibC/Uefi/Devices/daUtility/OUTPUT/DevUtility.lib
f:/uefiworkspace/Build/AppPkg/DEBUG_VS2019/IA32/StdLib/PosixLib/Gen/LibGen/OUTPUT/LibGen.lib
f:/uefiworkspace/Build/AppPkg/DEBUG_VS2019/IA32/MdePkg/Library/RegisterFilterLibNull/RegisterFilterLibNull/OUTPUT/FilterLibNull.lib
f:/uefiworkspace/Build/AppPkg/DEBUG_VS2019/IA32/MdePkg/Library/BasePcdLibNull/BasePcdLibNull/OUTPUT/BasePcdLibNull.lib
f:/uefiworkspace/Build/AppPkg/DEBUG_VS2019/IA32/MdePkg/Library/BaseDebugLibNull/BaseDebugLibNull/OUTPUT/BaseDebugLibNull.lib
f:/uefiworkspace/Build/AppPkg/DEBUG_VS2019/IA32/MdePkg/Library/UefiMemoryAllocationLib/UefiMemoryAllocationLib/OUTPUT/UefiMemoryAllocationLib.lib
f:/uefiworkspace/Build/AppPkg/DEBUG_VS2019/IA32/MdePkg/Library/BaseMemoryLib/BaseMemoryLib/OUTPUT/BaseMemoryLib.lib
f:/uefiworkspace/Build/AppPkg/DEBUG_VS2019/IA32/MdePkg/Library/BaseLib/BaseLib/OUTPUT/BaseLib.lib
f:/uefiworkspace/Build/AppPkg/DEBUG_VS2019/IA32/StdLib/LibC/Uefi/Uefi/OUTPUT/LibUefi.lib
f:/uefiworkspace/Build/AppPkg/DEBUG_VS2019/IA32/StdLib/LibC/Time/Time/OUTPUT/LibTime.lib
f:/uefiworkspace/Build/AppPkg/DEBUG_VS2019/IA32/StdLib/LibC/String/String/OUTPUT/LibString.lib
f:/uefiworkspace/Build/AppPkg/DEBUG_VS2019/IA32/StdLib/LibC/StdLib/StdLib/OUTPUT/LibStdLib.lib
f:/uefiworkspace/Build/AppPkg/DEBUG_VS2019/IA32/StdLib/LibC/Locale/Locale/OUTPUT/LibLocale.lib
f:/uefiworkspace/Build/AppPkg/DEBUG_VS2019/IA32/StdLib/LibC/gdtoa/gdtoa/OUTPUT/LibGdtoa.lib
f:/uefiworkspace/Build/AppPkg/DEBUG_VS2019/IA32/StdLib/LibC/Ctype/Ctype/OUTPUT/LibCtype.lib
f:/uefiworkspace/Build/AppPkg/DEBUG_VS2019/IA32/StdLib/LibC/Stdio/Stdio/OUTPUT/LibStdio.lib
f:/uefiworkspace/Build/AppPkg/DEBUG_VS2019/IA32/StdLib/LibC/LibC/OUTPUT/LibC.lib
f:/uefiworkspace/Build/AppPkg/DEBUG_VS2019/IA32/StdLib/LibC/Containers/ContainerLib/OUTPUT/LibContainer.lib
f:/uefiworkspace/Build/AppPkg/DEBUG_VS2019/IA32/StdLib/LibC/Uefi/InteractiveIO/IIO/OUTPUT/LibIIO.lib
f:/uefiworkspace/Build/AppPkg/DEBUG_VS2019/IA32/MdePkg/Library/UefiBootServicesTableLib/UefiBootServicesTableLib/OUTPUT/UefiBootServicesTableLib.lib
f:/uefiworkspace/Build/AppPkg/DEBUG_VS2019/IA32/StdLib/LibC/Wchar/Wchar/OUTPUT/LibWchar.lib
f:/uefiworkspace/Build/AppPkg/DEBUG_VS2019/IA32/StdLib/LibC/Uefi/Devices/daConsole/OUTPUT/DevConsole.lib
f:/uefiworkspace/Build/AppPkg/DEBUG_VS2019/IA32/MdePkg/Library/UefiRuntimeServicesTableLib/UefiRuntimeServicesTableLib/OUTPUT/UefiRuntimeServicesTableLib.lib
f:/uefiworkspace/Build/AppPkg/DEBUG_VS2019/IA32/MdePkg/Library/UefiDevicePathLib/UefiDevicePathLib/OUTPUT/UefiDevicePathLib.lib
f:/uefiworkspace/Build/AppPkg/DEBUG_VS2019/IA32/MdePkg/Library/UefiLib/UefiLib/OUTPUT/UefiLib.lib
f:/uefiworkspace/Build/AppPkg/DEBUG_VS2019/IA32/MdeModulePkg/Library/UefiSortLib/UefiSortLib/OUTPUT/UefiSortLib.lib
f:/uefiworkspace/Build/AppPkg/DEBUG_VS2019/IA32/MdeModulePkg/Library/UefiHiiLib/UefiHiiLib/OUTPUT/UefiHiiLib.lib
f:/uefiworkspace/Build/AppPkg/DEBUG_VS2019/IA32/MdePkg/Library/UefiFileHandleLib/UefiFileHandleLib/OUTPUT/UefiFileHandleLib.lib
f:/uefiworkspace/Build/AppPkg/DEBUG_VS2019/IA32/ShellPkg/Library/UefiShellLib/UefiShellLib/OUTPUT/UefiShellLib.lib
f:/uefiworkspace/Build/AppPkg/DEBUG_VS2019/IA32/MdeModulePkg/Library/UefiHiiServicesLib/UefiHiiServicesLib/OUTPUT/UefiHiiServicesLib.lib