f:/uefiworkspace/Build/EmulatorX64/DEBUG_VS2019/X64/MdeModulePkg/Application/UiApp/UiApp/OUTPUT/UiApp.lib
f:/uefiworkspace/Build/EmulatorX64/DEBUG_VS2019/X64/MdePkg/Library/RegisterFilterLibNull/RegisterFilterLibNull/OUTPUT/FilterLibNull.lib
f:/uefiworkspace/Build/EmulatorX64/DEBUG_VS2019/X64/MdePkg/Library/BaseDebugPrintErrorLevelLib/BaseDebugPrintErrorLevelLib/OUTPUT/BaseDebugPrintErrorLevelLib.lib
f:/uefiworkspace/Build/EmulatorX64/DEBUG_VS2019/X64/MdePkg/Library/DxePcdLib/DxePcdLib/OUTPUT/DxePcdLib.lib
f:/uefiworkspace/Build/EmulatorX64/DEBUG_VS2019/X64/MdePkg/Library/BasePrintLib/BasePrintLib/OUTPUT/BasePrintLib.lib
f:/uefiworkspace/Build/EmulatorX64/DEBUG_VS2019/X64/MdeModulePkg/Library/PeiDxeDebugLibReportStatusCode/PeiDxeDebugLibReportStatusCode/OUTPUT/PeiDxeDebugLibReportStatusCode.lib
f:/uefiworkspace/Build/EmulatorX64/DEBUG_VS2019/X64/MdePkg/Library/BaseMemoryLib/BaseMemoryLib/OUTPUT/BaseMemoryLib.lib
f:/uefiworkspace/Build/EmulatorX64/DEBUG_VS2019/X64/MdePkg/Library/UefiMemoryAllocationLib/UefiMemoryAllocationLib/OUTPUT/UefiMemoryAllocationLib.lib
f:/uefiworkspace/Build/EmulatorX64/DEBUG_VS2019/X64/MdeModulePkg/Library/DxeReportStatusCodeLib/DxeReportStatusCodeLib/OUTPUT/DxeReportStatusCodeLib.lib
f:/uefiworkspace/Build/EmulatorX64/DEBUG_VS2019/X64/MdePkg/Library/BaseLib/BaseLib/OUTPUT/BaseLib.lib
f:/uefiworkspace/Build/EmulatorX64/DEBUG_VS2019/X64/MdePkg/Library/UefiDevicePathLib/UefiDevicePathLib/OUTPUT/UefiDevicePathLib.lib
f:/uefiworkspace/Build/EmulatorX64/DEBUG_VS2019/X64/MdePkg/Library/UefiBootServicesTableLib/UefiBootServicesTableLib/OUTPUT/UefiBootServicesTableLib.lib
f:/uefiworkspace/Build/EmulatorX64/DEBUG_VS2019/X64/MdePkg/Library/UefiRuntimeServicesTableLib/UefiRuntimeServicesTableLib/OUTPUT/UefiRuntimeServicesTableLib.lib
f:/uefiworkspace/Build/EmulatorX64/DEBUG_VS2019/X64/MdePkg/Library/UefiLib/UefiLib/OUTPUT/UefiLib.lib
f:/uefiworkspace/Build/EmulatorX64/DEBUG_VS2019/X64/MdePkg/Library/DxeHobLib/DxeHobLib/OUTPUT/DxeHobLib.lib
f:/uefiworkspace/Build/EmulatorX64/DEBUG_VS2019/X64/MdeModulePkg/Library/UefiHiiServicesLib/UefiHiiServicesLib/OUTPUT/UefiHiiServicesLib.lib
f:/uefiworkspace/Build/EmulatorX64/DEBUG_VS2019/X64/MdeModulePkg/Library/VariablePolicyHelperLib/VariablePolicyHelperLib/OUTPUT/VariablePolicyHelperLib.lib
f:/uefiworkspace/Build/EmulatorX64/DEBUG_VS2019/X64/MdeModulePkg/Library/BaseSortLib/BaseSortLib/OUTPUT/BaseSortLib.lib
f:/uefiworkspace/Build/EmulatorX64/DEBUG_VS2019/X64/MdePkg/Library/DxeServicesLib/DxeServicesLib/OUTPUT/DxeServicesLib.lib
f:/uefiworkspace/Build/EmulatorX64/DEBUG_VS2019/X64/MdePkg/Library/DxeServicesTableLib/DxeServicesTableLib/OUTPUT/DxeServicesTableLib.lib
f:/uefiworkspace/Build/EmulatorX64/DEBUG_VS2019/X64/MdePkg/Library/BasePeCoffGetEntryPointLib/BasePeCoffGetEntryPointLib/OUTPUT/BasePeCoffGetEntryPointLib.lib
f:/uefiworkspace/Build/EmulatorX64/DEBUG_VS2019/X64/MdePkg/Library/BasePerformanceLibNull/BasePerformanceLibNull/OUTPUT/BasePerformanceLibNull.lib
f:/uefiworkspace/Build/EmulatorX64/DEBUG_VS2019/X64/MdeModulePkg/Library/UefiHiiLib/UefiHiiLib/OUTPUT/UefiHiiLib.lib
f:/uefiworkspace/Build/EmulatorX64/DEBUG_VS2019/X64/MdeModulePkg/Library/UefiBootManagerLib/UefiBootManagerLib/OUTPUT/UefiBootManagerLib.lib
f:/uefiworkspace/Build/EmulatorX64/DEBUG_VS2019/X64/MdeModulePkg/Library/FileExplorerLib/FileExplorerLib/OUTPUT/FileExplorerLib.lib
f:/uefiworkspace/Build/EmulatorX64/DEBUG_VS2019/X64/MdePkg/Library/UefiApplicationEntryPoint/UefiApplicationEntryPoint/OUTPUT/UefiApplicationEntryPoint.lib
f:/uefiworkspace/Build/EmulatorX64/DEBUG_VS2019/X64/MdeModulePkg/Library/DeviceManagerUiLib/DeviceManagerUiLib/OUTPUT/DeviceManagerUiLib.lib
f:/uefiworkspace/Build/EmulatorX64/DEBUG_VS2019/X64/MdeModulePkg/Library/BootManagerUiLib/BootManagerUiLib/OUTPUT/BootManagerUiLib.lib
f:/uefiworkspace/Build/EmulatorX64/DEBUG_VS2019/X64/MdeModulePkg/Library/BootMaintenanceManagerUiLib/BootMaintenanceManagerUiLib/OUTPUT/BootMaintenanceManagerUiLib.lib