f:/uefiworkspace/Build/AppPkg/DEBUG_VS2019/IA32/StdLib/BsdSocketLib/BsdSocketLib/OUTPUT/accept.obj
f:/uefiworkspace/Build/AppPkg/DEBUG_VS2019/IA32/StdLib/BsdSocketLib/BsdSocketLib/OUTPUT/base64.obj
f:/uefiworkspace/Build/AppPkg/DEBUG_VS2019/IA32/StdLib/BsdSocketLib/BsdSocketLib/OUTPUT/bind.obj
f:/uefiworkspace/Build/AppPkg/DEBUG_VS2019/IA32/StdLib/BsdSocketLib/BsdSocketLib/OUTPUT/close.obj
f:/uefiworkspace/Build/AppPkg/DEBUG_VS2019/IA32/StdLib/BsdSocketLib/BsdSocketLib/OUTPUT/connect.obj
f:/uefiworkspace/Build/AppPkg/DEBUG_VS2019/IA32/StdLib/BsdSocketLib/BsdSocketLib/OUTPUT/getaddrinfo.obj
f:/uefiworkspace/Build/AppPkg/DEBUG_VS2019/IA32/StdLib/BsdSocketLib/BsdSocketLib/OUTPUT/gethostbydns.obj
f:/uefiworkspace/Build/AppPkg/DEBUG_VS2019/IA32/StdLib/BsdSocketLib/BsdSocketLib/OUTPUT/gethostbyht.obj
f:/uefiworkspace/Build/AppPkg/DEBUG_VS2019/IA32/StdLib/BsdSocketLib/BsdSocketLib/OUTPUT/gethostbynis.obj
f:/uefiworkspace/Build/AppPkg/DEBUG_VS2019/IA32/StdLib/BsdSocketLib/BsdSocketLib/OUTPUT/gethostname.obj
f:/uefiworkspace/Build/AppPkg/DEBUG_VS2019/IA32/StdLib/BsdSocketLib/BsdSocketLib/OUTPUT/gethostnamadr.obj
f:/uefiworkspace/Build/AppPkg/DEBUG_VS2019/IA32/StdLib/BsdSocketLib/BsdSocketLib/OUTPUT/getnameinfo.obj
f:/uefiworkspace/Build/AppPkg/DEBUG_VS2019/IA32/StdLib/BsdSocketLib/BsdSocketLib/OUTPUT/getnetbydns.obj
f:/uefiworkspace/Build/AppPkg/DEBUG_VS2019/IA32/StdLib/BsdSocketLib/BsdSocketLib/OUTPUT/getnetbynis.obj
f:/uefiworkspace/Build/AppPkg/DEBUG_VS2019/IA32/StdLib/BsdSocketLib/BsdSocketLib/OUTPUT/getnetbyht.obj
f:/uefiworkspace/Build/AppPkg/DEBUG_VS2019/IA32/StdLib/BsdSocketLib/BsdSocketLib/OUTPUT/getnetnamadr.obj
f:/uefiworkspace/Build/AppPkg/DEBUG_VS2019/IA32/StdLib/BsdSocketLib/BsdSocketLib/OUTPUT/getpeername.obj
f:/uefiworkspace/Build/AppPkg/DEBUG_VS2019/IA32/StdLib/BsdSocketLib/BsdSocketLib/OUTPUT/getprotoent.obj
f:/uefiworkspace/Build/AppPkg/DEBUG_VS2019/IA32/StdLib/BsdSocketLib/BsdSocketLib/OUTPUT/getprotoname.obj
f:/uefiworkspace/Build/AppPkg/DEBUG_VS2019/IA32/StdLib/BsdSocketLib/BsdSocketLib/OUTPUT/getproto.obj
f:/uefiworkspace/Build/AppPkg/DEBUG_VS2019/IA32/StdLib/BsdSocketLib/BsdSocketLib/OUTPUT/getservbyname.obj
f:/uefiworkspace/Build/AppPkg/DEBUG_VS2019/IA32/StdLib/BsdSocketLib/BsdSocketLib/OUTPUT/getservbyport.obj
f:/uefiworkspace/Build/AppPkg/DEBUG_VS2019/IA32/StdLib/BsdSocketLib/BsdSocketLib/OUTPUT/getservent.obj
f:/uefiworkspace/Build/AppPkg/DEBUG_VS2019/IA32/StdLib/BsdSocketLib/BsdSocketLib/OUTPUT/getsockname.obj
f:/uefiworkspace/Build/AppPkg/DEBUG_VS2019/IA32/StdLib/BsdSocketLib/BsdSocketLib/OUTPUT/getsockopt.obj
f:/uefiworkspace/Build/AppPkg/DEBUG_VS2019/IA32/StdLib/BsdSocketLib/BsdSocketLib/OUTPUT/herror.obj
f:/uefiworkspace/Build/AppPkg/DEBUG_VS2019/IA32/StdLib/BsdSocketLib/BsdSocketLib/OUTPUT/inet_net_ntop.obj
f:/uefiworkspace/Build/AppPkg/DEBUG_VS2019/IA32/StdLib/BsdSocketLib/BsdSocketLib/OUTPUT/inet_net_pton.obj
f:/uefiworkspace/Build/AppPkg/DEBUG_VS2019/IA32/StdLib/BsdSocketLib/BsdSocketLib/OUTPUT/inet_neta.obj
f:/uefiworkspace/Build/AppPkg/DEBUG_VS2019/IA32/StdLib/BsdSocketLib/BsdSocketLib/OUTPUT/inet_pton.obj
f:/uefiworkspace/Build/AppPkg/DEBUG_VS2019/IA32/StdLib/BsdSocketLib/BsdSocketLib/OUTPUT/Ip6Addr_Any.obj
f:/uefiworkspace/Build/AppPkg/DEBUG_VS2019/IA32/StdLib/BsdSocketLib/BsdSocketLib/OUTPUT/Ip6Addr_Loopback.obj
f:/uefiworkspace/Build/AppPkg/DEBUG_VS2019/IA32/StdLib/BsdSocketLib/BsdSocketLib/OUTPUT/Ip6Addr_NodeLocal_AllNodes.obj
f:/uefiworkspace/Build/AppPkg/DEBUG_VS2019/IA32/StdLib/BsdSocketLib/BsdSocketLib/OUTPUT/Ip6Addr_LinkLocal_AllNodes.obj
f:/uefiworkspace/Build/AppPkg/DEBUG_VS2019/IA32/StdLib/BsdSocketLib/BsdSocketLib/OUTPUT/Ip6Addr_LinkLocal_AllRouters.obj
f:/uefiworkspace/Build/AppPkg/DEBUG_VS2019/IA32/StdLib/BsdSocketLib/BsdSocketLib/OUTPUT/listen.obj
f:/uefiworkspace/Build/AppPkg/DEBUG_VS2019/IA32/StdLib/BsdSocketLib/BsdSocketLib/OUTPUT/map_v4v6.obj
f:/uefiworkspace/Build/AppPkg/DEBUG_VS2019/IA32/StdLib/BsdSocketLib/BsdSocketLib/OUTPUT/ns_addr.obj
f:/uefiworkspace/Build/AppPkg/DEBUG_VS2019/IA32/StdLib/BsdSocketLib/BsdSocketLib/OUTPUT/ns_name.obj
f:/uefiworkspace/Build/AppPkg/DEBUG_VS2019/IA32/StdLib/BsdSocketLib/BsdSocketLib/OUTPUT/ns_netint.obj
f:/uefiworkspace/Build/AppPkg/DEBUG_VS2019/IA32/StdLib/BsdSocketLib/BsdSocketLib/OUTPUT/ns_ntoa.obj
f:/uefiworkspace/Build/AppPkg/DEBUG_VS2019/IA32/StdLib/BsdSocketLib/BsdSocketLib/OUTPUT/ns_parse.obj
f:/uefiworkspace/Build/AppPkg/DEBUG_VS2019/IA32/StdLib/BsdSocketLib/BsdSocketLib/OUTPUT/ns_print.obj
f:/uefiworkspace/Build/AppPkg/DEBUG_VS2019/IA32/StdLib/BsdSocketLib/BsdSocketLib/OUTPUT/ns_ttl.obj
f:/uefiworkspace/Build/AppPkg/DEBUG_VS2019/IA32/StdLib/BsdSocketLib/BsdSocketLib/OUTPUT/nsap_addr.obj
f:/uefiworkspace/Build/AppPkg/DEBUG_VS2019/IA32/StdLib/BsdSocketLib/BsdSocketLib/OUTPUT/poll.obj
f:/uefiworkspace/Build/AppPkg/DEBUG_VS2019/IA32/StdLib/BsdSocketLib/BsdSocketLib/OUTPUT/read.obj
f:/uefiworkspace/Build/AppPkg/DEBUG_VS2019/IA32/StdLib/BsdSocketLib/BsdSocketLib/OUTPUT/recv.obj
f:/uefiworkspace/Build/AppPkg/DEBUG_VS2019/IA32/StdLib/BsdSocketLib/BsdSocketLib/OUTPUT/recvfrom.obj
f:/uefiworkspace/Build/AppPkg/DEBUG_VS2019/IA32/StdLib/BsdSocketLib/BsdSocketLib/OUTPUT/res_comp.obj
f:/uefiworkspace/Build/AppPkg/DEBUG_VS2019/IA32/StdLib/BsdSocketLib/BsdSocketLib/OUTPUT/res_data.obj
f:/uefiworkspace/Build/AppPkg/DEBUG_VS2019/IA32/StdLib/BsdSocketLib/BsdSocketLib/OUTPUT/res_debug.obj
f:/uefiworkspace/Build/AppPkg/DEBUG_VS2019/IA32/StdLib/BsdSocketLib/BsdSocketLib/OUTPUT/res_init.obj
f:/uefiworkspace/Build/AppPkg/DEBUG_VS2019/IA32/StdLib/BsdSocketLib/BsdSocketLib/OUTPUT/res_mkquery.obj
f:/uefiworkspace/Build/AppPkg/DEBUG_VS2019/IA32/StdLib/BsdSocketLib/BsdSocketLib/OUTPUT/res_mkupdate.obj
f:/uefiworkspace/Build/AppPkg/DEBUG_VS2019/IA32/StdLib/BsdSocketLib/BsdSocketLib/OUTPUT/res_query.obj
f:/uefiworkspace/Build/AppPkg/DEBUG_VS2019/IA32/StdLib/BsdSocketLib/BsdSocketLib/OUTPUT/res_send.obj
f:/uefiworkspace/Build/AppPkg/DEBUG_VS2019/IA32/StdLib/BsdSocketLib/BsdSocketLib/OUTPUT/res_update.obj
f:/uefiworkspace/Build/AppPkg/DEBUG_VS2019/IA32/StdLib/BsdSocketLib/BsdSocketLib/OUTPUT/send.obj
f:/uefiworkspace/Build/AppPkg/DEBUG_VS2019/IA32/StdLib/BsdSocketLib/BsdSocketLib/OUTPUT/sendto.obj
f:/uefiworkspace/Build/AppPkg/DEBUG_VS2019/IA32/StdLib/BsdSocketLib/BsdSocketLib/OUTPUT/sethostname.obj
f:/uefiworkspace/Build/AppPkg/DEBUG_VS2019/IA32/StdLib/BsdSocketLib/BsdSocketLib/OUTPUT/setsockopt.obj
f:/uefiworkspace/Build/AppPkg/DEBUG_VS2019/IA32/StdLib/BsdSocketLib/BsdSocketLib/OUTPUT/shutdown.obj
f:/uefiworkspace/Build/AppPkg/DEBUG_VS2019/IA32/StdLib/BsdSocketLib/BsdSocketLib/OUTPUT/socket.obj
f:/uefiworkspace/Build/AppPkg/DEBUG_VS2019/IA32/StdLib/BsdSocketLib/BsdSocketLib/OUTPUT/write.obj