f:/uefiworkspace/Build/AppPkg/DEBUG_VS2019/IA32/StdLib/LibC/Stdio/Stdio/OUTPUT/clrerr.obj
f:/uefiworkspace/Build/AppPkg/DEBUG_VS2019/IA32/StdLib/LibC/Stdio/Stdio/OUTPUT/fclose.obj
f:/uefiworkspace/Build/AppPkg/DEBUG_VS2019/IA32/StdLib/LibC/Stdio/Stdio/OUTPUT/fdopen.obj
f:/uefiworkspace/Build/AppPkg/DEBUG_VS2019/IA32/StdLib/LibC/Stdio/Stdio/OUTPUT/feof.obj
f:/uefiworkspace/Build/AppPkg/DEBUG_VS2019/IA32/StdLib/LibC/Stdio/Stdio/OUTPUT/ferror.obj
f:/uefiworkspace/Build/AppPkg/DEBUG_VS2019/IA32/StdLib/LibC/Stdio/Stdio/OUTPUT/fflush.obj
f:/uefiworkspace/Build/AppPkg/DEBUG_VS2019/IA32/StdLib/LibC/Stdio/Stdio/OUTPUT/fgetc.obj
f:/uefiworkspace/Build/AppPkg/DEBUG_VS2019/IA32/StdLib/LibC/Stdio/Stdio/OUTPUT/fgetln.obj
f:/uefiworkspace/Build/AppPkg/DEBUG_VS2019/IA32/StdLib/LibC/Stdio/Stdio/OUTPUT/fgetpos.obj
f:/uefiworkspace/Build/AppPkg/DEBUG_VS2019/IA32/StdLib/LibC/Stdio/Stdio/OUTPUT/fgets.obj
f:/uefiworkspace/Build/AppPkg/DEBUG_VS2019/IA32/StdLib/LibC/Stdio/Stdio/OUTPUT/fopen.obj
f:/uefiworkspace/Build/AppPkg/DEBUG_VS2019/IA32/StdLib/LibC/Stdio/Stdio/OUTPUT/fprintf.obj
f:/uefiworkspace/Build/AppPkg/DEBUG_VS2019/IA32/StdLib/LibC/Stdio/Stdio/OUTPUT/fputc.obj
f:/uefiworkspace/Build/AppPkg/DEBUG_VS2019/IA32/StdLib/LibC/Stdio/Stdio/OUTPUT/fputs.obj
f:/uefiworkspace/Build/AppPkg/DEBUG_VS2019/IA32/StdLib/LibC/Stdio/Stdio/OUTPUT/fread.obj
f:/uefiworkspace/Build/AppPkg/DEBUG_VS2019/IA32/StdLib/LibC/Stdio/Stdio/OUTPUT/freopen.obj
f:/uefiworkspace/Build/AppPkg/DEBUG_VS2019/IA32/StdLib/LibC/Stdio/Stdio/OUTPUT/fscanf.obj
f:/uefiworkspace/Build/AppPkg/DEBUG_VS2019/IA32/StdLib/LibC/Stdio/Stdio/OUTPUT/fseek.obj
f:/uefiworkspace/Build/AppPkg/DEBUG_VS2019/IA32/StdLib/LibC/Stdio/Stdio/OUTPUT/fsetpos.obj
f:/uefiworkspace/Build/AppPkg/DEBUG_VS2019/IA32/StdLib/LibC/Stdio/Stdio/OUTPUT/ftell.obj
f:/uefiworkspace/Build/AppPkg/DEBUG_VS2019/IA32/StdLib/LibC/Stdio/Stdio/OUTPUT/fwrite.obj
f:/uefiworkspace/Build/AppPkg/DEBUG_VS2019/IA32/StdLib/LibC/Stdio/Stdio/OUTPUT/getc.obj
f:/uefiworkspace/Build/AppPkg/DEBUG_VS2019/IA32/StdLib/LibC/Stdio/Stdio/OUTPUT/getchar.obj
f:/uefiworkspace/Build/AppPkg/DEBUG_VS2019/IA32/StdLib/LibC/Stdio/Stdio/OUTPUT/gets.obj
f:/uefiworkspace/Build/AppPkg/DEBUG_VS2019/IA32/StdLib/LibC/Stdio/Stdio/OUTPUT/perror.obj
f:/uefiworkspace/Build/AppPkg/DEBUG_VS2019/IA32/StdLib/LibC/Stdio/Stdio/OUTPUT/printf.obj
f:/uefiworkspace/Build/AppPkg/DEBUG_VS2019/IA32/StdLib/LibC/Stdio/Stdio/OUTPUT/putc.obj
f:/uefiworkspace/Build/AppPkg/DEBUG_VS2019/IA32/StdLib/LibC/Stdio/Stdio/OUTPUT/putchar.obj
f:/uefiworkspace/Build/AppPkg/DEBUG_VS2019/IA32/StdLib/LibC/Stdio/Stdio/OUTPUT/puts.obj
f:/uefiworkspace/Build/AppPkg/DEBUG_VS2019/IA32/StdLib/LibC/Stdio/Stdio/OUTPUT/remove.obj
f:/uefiworkspace/Build/AppPkg/DEBUG_VS2019/IA32/StdLib/LibC/Stdio/Stdio/OUTPUT/rewind.obj
f:/uefiworkspace/Build/AppPkg/DEBUG_VS2019/IA32/StdLib/LibC/Stdio/Stdio/OUTPUT/scanf.obj
f:/uefiworkspace/Build/AppPkg/DEBUG_VS2019/IA32/StdLib/LibC/Stdio/Stdio/OUTPUT/setbuf.obj
f:/uefiworkspace/Build/AppPkg/DEBUG_VS2019/IA32/StdLib/LibC/Stdio/Stdio/OUTPUT/setvbuf.obj
f:/uefiworkspace/Build/AppPkg/DEBUG_VS2019/IA32/StdLib/LibC/Stdio/Stdio/OUTPUT/sprintf.obj
f:/uefiworkspace/Build/AppPkg/DEBUG_VS2019/IA32/StdLib/LibC/Stdio/Stdio/OUTPUT/sscanf.obj
f:/uefiworkspace/Build/AppPkg/DEBUG_VS2019/IA32/StdLib/LibC/Stdio/Stdio/OUTPUT/tempnam.obj
f:/uefiworkspace/Build/AppPkg/DEBUG_VS2019/IA32/StdLib/LibC/Stdio/Stdio/OUTPUT/tmpfile.obj
f:/uefiworkspace/Build/AppPkg/DEBUG_VS2019/IA32/StdLib/LibC/Stdio/Stdio/OUTPUT/tmpnam.obj
f:/uefiworkspace/Build/AppPkg/DEBUG_VS2019/IA32/StdLib/LibC/Stdio/Stdio/OUTPUT/ungetc.obj
f:/uefiworkspace/Build/AppPkg/DEBUG_VS2019/IA32/StdLib/LibC/Stdio/Stdio/OUTPUT/vfprintf.obj
f:/uefiworkspace/Build/AppPkg/DEBUG_VS2019/IA32/StdLib/LibC/Stdio/Stdio/OUTPUT/vfwprintf.obj
f:/uefiworkspace/Build/AppPkg/DEBUG_VS2019/IA32/StdLib/LibC/Stdio/Stdio/OUTPUT/vprintf.obj
f:/uefiworkspace/Build/AppPkg/DEBUG_VS2019/IA32/StdLib/LibC/Stdio/Stdio/OUTPUT/vsprintf.obj
f:/uefiworkspace/Build/AppPkg/DEBUG_VS2019/IA32/StdLib/LibC/Stdio/Stdio/OUTPUT/snprintf.obj
f:/uefiworkspace/Build/AppPkg/DEBUG_VS2019/IA32/StdLib/LibC/Stdio/Stdio/OUTPUT/vsnprintf.obj
f:/uefiworkspace/Build/AppPkg/DEBUG_VS2019/IA32/StdLib/LibC/Stdio/Stdio/OUTPUT/fparseln.obj
f:/uefiworkspace/Build/AppPkg/DEBUG_VS2019/IA32/StdLib/LibC/Stdio/Stdio/OUTPUT/fgetwc.obj
f:/uefiworkspace/Build/AppPkg/DEBUG_VS2019/IA32/StdLib/LibC/Stdio/Stdio/OUTPUT/fgetws.obj
f:/uefiworkspace/Build/AppPkg/DEBUG_VS2019/IA32/StdLib/LibC/Stdio/Stdio/OUTPUT/fputwc.obj
f:/uefiworkspace/Build/AppPkg/DEBUG_VS2019/IA32/StdLib/LibC/Stdio/Stdio/OUTPUT/fputws.obj
f:/uefiworkspace/Build/AppPkg/DEBUG_VS2019/IA32/StdLib/LibC/Stdio/Stdio/OUTPUT/fwide.obj
f:/uefiworkspace/Build/AppPkg/DEBUG_VS2019/IA32/StdLib/LibC/Stdio/Stdio/OUTPUT/fwprintf.obj
f:/uefiworkspace/Build/AppPkg/DEBUG_VS2019/IA32/StdLib/LibC/Stdio/Stdio/OUTPUT/fwscanf.obj
f:/uefiworkspace/Build/AppPkg/DEBUG_VS2019/IA32/StdLib/LibC/Stdio/Stdio/OUTPUT/getwc.obj
f:/uefiworkspace/Build/AppPkg/DEBUG_VS2019/IA32/StdLib/LibC/Stdio/Stdio/OUTPUT/getwchar.obj
f:/uefiworkspace/Build/AppPkg/DEBUG_VS2019/IA32/StdLib/LibC/Stdio/Stdio/OUTPUT/putwc.obj
f:/uefiworkspace/Build/AppPkg/DEBUG_VS2019/IA32/StdLib/LibC/Stdio/Stdio/OUTPUT/putwchar.obj
f:/uefiworkspace/Build/AppPkg/DEBUG_VS2019/IA32/StdLib/LibC/Stdio/Stdio/OUTPUT/swprintf.obj
f:/uefiworkspace/Build/AppPkg/DEBUG_VS2019/IA32/StdLib/LibC/Stdio/Stdio/OUTPUT/swscanf.obj
f:/uefiworkspace/Build/AppPkg/DEBUG_VS2019/IA32/StdLib/LibC/Stdio/Stdio/OUTPUT/ungetwc.obj
f:/uefiworkspace/Build/AppPkg/DEBUG_VS2019/IA32/StdLib/LibC/Stdio/Stdio/OUTPUT/vfwscanf.obj
f:/uefiworkspace/Build/AppPkg/DEBUG_VS2019/IA32/StdLib/LibC/Stdio/Stdio/OUTPUT/vswprintf.obj
f:/uefiworkspace/Build/AppPkg/DEBUG_VS2019/IA32/StdLib/LibC/Stdio/Stdio/OUTPUT/vswscanf.obj
f:/uefiworkspace/Build/AppPkg/DEBUG_VS2019/IA32/StdLib/LibC/Stdio/Stdio/OUTPUT/vwprintf.obj
f:/uefiworkspace/Build/AppPkg/DEBUG_VS2019/IA32/StdLib/LibC/Stdio/Stdio/OUTPUT/vwscanf.obj
f:/uefiworkspace/Build/AppPkg/DEBUG_VS2019/IA32/StdLib/LibC/Stdio/Stdio/OUTPUT/wprintf.obj
f:/uefiworkspace/Build/AppPkg/DEBUG_VS2019/IA32/StdLib/LibC/Stdio/Stdio/OUTPUT/wscanf.obj
f:/uefiworkspace/Build/AppPkg/DEBUG_VS2019/IA32/StdLib/LibC/Stdio/Stdio/OUTPUT/fgetstr.obj
f:/uefiworkspace/Build/AppPkg/DEBUG_VS2019/IA32/StdLib/LibC/Stdio/Stdio/OUTPUT/findfp.obj
f:/uefiworkspace/Build/AppPkg/DEBUG_VS2019/IA32/StdLib/LibC/Stdio/Stdio/OUTPUT/flags.obj
f:/uefiworkspace/Build/AppPkg/DEBUG_VS2019/IA32/StdLib/LibC/Stdio/Stdio/OUTPUT/fseeko.obj
f:/uefiworkspace/Build/AppPkg/DEBUG_VS2019/IA32/StdLib/LibC/Stdio/Stdio/OUTPUT/ftello.obj
f:/uefiworkspace/Build/AppPkg/DEBUG_VS2019/IA32/StdLib/LibC/Stdio/Stdio/OUTPUT/fvwrite.obj
f:/uefiworkspace/Build/AppPkg/DEBUG_VS2019/IA32/StdLib/LibC/Stdio/Stdio/OUTPUT/fwalk.obj
f:/uefiworkspace/Build/AppPkg/DEBUG_VS2019/IA32/StdLib/LibC/Stdio/Stdio/OUTPUT/gettemp.obj
f:/uefiworkspace/Build/AppPkg/DEBUG_VS2019/IA32/StdLib/LibC/Stdio/Stdio/OUTPUT/makebuf.obj
f:/uefiworkspace/Build/AppPkg/DEBUG_VS2019/IA32/StdLib/LibC/Stdio/Stdio/OUTPUT/mkstemp.obj
f:/uefiworkspace/Build/AppPkg/DEBUG_VS2019/IA32/StdLib/LibC/Stdio/Stdio/OUTPUT/mktemp.obj
f:/uefiworkspace/Build/AppPkg/DEBUG_VS2019/IA32/StdLib/LibC/Stdio/Stdio/OUTPUT/refill.obj
f:/uefiworkspace/Build/AppPkg/DEBUG_VS2019/IA32/StdLib/LibC/Stdio/Stdio/OUTPUT/rget.obj
f:/uefiworkspace/Build/AppPkg/DEBUG_VS2019/IA32/StdLib/LibC/Stdio/Stdio/OUTPUT/stdio.obj
f:/uefiworkspace/Build/AppPkg/DEBUG_VS2019/IA32/StdLib/LibC/Stdio/Stdio/OUTPUT/vfscanf.obj
f:/uefiworkspace/Build/AppPkg/DEBUG_VS2019/IA32/StdLib/LibC/Stdio/Stdio/OUTPUT/wbuf.obj
f:/uefiworkspace/Build/AppPkg/DEBUG_VS2019/IA32/StdLib/LibC/Stdio/Stdio/OUTPUT/wsetup.obj