f:/uefiworkspace/Build/EmulatorX64/DEBUG_VS2019/X64/ShellPkg/DynamicCommand/TftpDynamicCommand/TftpDynamicCommand/OUTPUT/tftpDynamicCommand.lib
f:/uefiworkspace/Build/EmulatorX64/DEBUG_VS2019/X64/MdePkg/Library/RegisterFilterLibNull/RegisterFilterLibNull/OUTPUT/FilterLibNull.lib
f:/uefiworkspace/Build/EmulatorX64/DEBUG_VS2019/X64/MdePkg/Library/BaseDebugPrintErrorLevelLib/BaseDebugPrintErrorLevelLib/OUTPUT/BaseDebugPrintErrorLevelLib.lib
f:/uefiworkspace/Build/EmulatorX64/DEBUG_VS2019/X64/MdeModulePkg/Library/DxeReportStatusCodeLib/DxeReportStatusCodeLib/OUTPUT/DxeReportStatusCodeLib.lib
f:/uefiworkspace/Build/EmulatorX64/DEBUG_VS2019/X64/MdePkg/Library/DxePcdLib/DxePcdLib/OUTPUT/DxePcdLib.lib
f:/uefiworkspace/Build/EmulatorX64/DEBUG_VS2019/X64/MdePkg/Library/BasePrintLib/BasePrintLib/OUTPUT/BasePrintLib.lib
f:/uefiworkspace/Build/EmulatorX64/DEBUG_VS2019/X64/MdePkg/Library/UefiDevicePathLib/UefiDevicePathLib/OUTPUT/UefiDevicePathLib.lib
f:/uefiworkspace/Build/EmulatorX64/DEBUG_VS2019/X64/MdeModulePkg/Library/PeiDxeDebugLibReportStatusCode/PeiDxeDebugLibReportStatusCode/OUTPUT/PeiDxeDebugLibReportStatusCode.lib
f:/uefiworkspace/Build/EmulatorX64/DEBUG_VS2019/X64/MdePkg/Library/BaseMemoryLib/BaseMemoryLib/OUTPUT/BaseMemoryLib.lib
f:/uefiworkspace/Build/EmulatorX64/DEBUG_VS2019/X64/MdePkg/Library/BaseLib/BaseLib/OUTPUT/BaseLib.lib
f:/uefiworkspace/Build/EmulatorX64/DEBUG_VS2019/X64/MdePkg/Library/UefiMemoryAllocationLib/UefiMemoryAllocationLib/OUTPUT/UefiMemoryAllocationLib.lib
f:/uefiworkspace/Build/EmulatorX64/DEBUG_VS2019/X64/MdePkg/Library/UefiBootServicesTableLib/UefiBootServicesTableLib/OUTPUT/UefiBootServicesTableLib.lib
f:/uefiworkspace/Build/EmulatorX64/DEBUG_VS2019/X64/MdePkg/Library/UefiRuntimeServicesTableLib/UefiRuntimeServicesTableLib/OUTPUT/UefiRuntimeServicesTableLib.lib
f:/uefiworkspace/Build/EmulatorX64/DEBUG_VS2019/X64/MdeModulePkg/Library/UefiHiiServicesLib/UefiHiiServicesLib/OUTPUT/UefiHiiServicesLib.lib
f:/uefiworkspace/Build/EmulatorX64/DEBUG_VS2019/X64/MdePkg/Library/UefiLib/UefiLib/OUTPUT/UefiLib.lib
f:/uefiworkspace/Build/EmulatorX64/DEBUG_VS2019/X64/MdeModulePkg/Library/BaseSortLib/BaseSortLib/OUTPUT/BaseSortLib.lib
f:/uefiworkspace/Build/EmulatorX64/DEBUG_VS2019/X64/MdePkg/Library/UefiFileHandleLib/UefiFileHandleLib/OUTPUT/UefiFileHandleLib.lib
f:/uefiworkspace/Build/EmulatorX64/DEBUG_VS2019/X64/MdeModulePkg/Library/UefiHiiLib/UefiHiiLib/OUTPUT/UefiHiiLib.lib
f:/uefiworkspace/Build/EmulatorX64/DEBUG_VS2019/X64/ShellPkg/Library/UefiShellLib/UefiShellLib/OUTPUT/UefiShellLib.lib
f:/uefiworkspace/Build/EmulatorX64/DEBUG_VS2019/X64/MdePkg/Library/UefiDriverEntryPoint/UefiDriverEntryPoint/OUTPUT/UefiDriverEntryPoint.lib
f:/uefiworkspace/Build/EmulatorX64/DEBUG_VS2019/X64/NetworkPkg/Library/DxeNetLib/DxeNetLib/OUTPUT/DxeNetLib.lib
f:/uefiworkspace/Build/EmulatorX64/DEBUG_VS2019/X64/ShellPkg/DynamicCommand/TftpDynamicCommand/TftpDynamicCommand/OUTPUT/tftpDynamicCommandhii.lib