f:/uefiworkspace/Build/EmulatorIA32/DEBUG_VS2019/IA32/MdeModulePkg/Universal/Console/ConPlatformDxe/ConPlatformDxe/OUTPUT/ConPlatformDxe.lib
f:/uefiworkspace/Build/EmulatorIA32/DEBUG_VS2019/IA32/MdePkg/Library/BaseDebugPrintErrorLevelLib/BaseDebugPrintErrorLevelLib/OUTPUT/BaseDebugPrintErrorLevelLib.lib
f:/uefiworkspace/Build/EmulatorIA32/DEBUG_VS2019/IA32/MdePkg/Library/RegisterFilterLibNull/RegisterFilterLibNull/OUTPUT/FilterLibNull.lib
f:/uefiworkspace/Build/EmulatorIA32/DEBUG_VS2019/IA32/MdeModulePkg/Library/DxeReportStatusCodeLib/DxeReportStatusCodeLib/OUTPUT/DxeReportStatusCodeLib.lib
f:/uefiworkspace/Build/EmulatorIA32/DEBUG_VS2019/IA32/MdePkg/Library/BasePrintLib/BasePrintLib/OUTPUT/BasePrintLib.lib
f:/uefiworkspace/Build/EmulatorIA32/DEBUG_VS2019/IA32/MdePkg/Library/BaseLib/BaseLib/OUTPUT/BaseLib.lib
f:/uefiworkspace/Build/EmulatorIA32/DEBUG_VS2019/IA32/MdePkg/Library/DxePcdLib/DxePcdLib/OUTPUT/DxePcdLib.lib
f:/uefiworkspace/Build/EmulatorIA32/DEBUG_VS2019/IA32/MdeModulePkg/Library/PeiDxeDebugLibReportStatusCode/PeiDxeDebugLibReportStatusCode/OUTPUT/PeiDxeDebugLibReportStatusCode.lib
f:/uefiworkspace/Build/EmulatorIA32/DEBUG_VS2019/IA32/MdePkg/Library/BaseMemoryLib/BaseMemoryLib/OUTPUT/BaseMemoryLib.lib
f:/uefiworkspace/Build/EmulatorIA32/DEBUG_VS2019/IA32/MdePkg/Library/UefiDevicePathLib/UefiDevicePathLib/OUTPUT/UefiDevicePathLib.lib
f:/uefiworkspace/Build/EmulatorIA32/DEBUG_VS2019/IA32/MdePkg/Library/UefiMemoryAllocationLib/UefiMemoryAllocationLib/OUTPUT/UefiMemoryAllocationLib.lib
f:/uefiworkspace/Build/EmulatorIA32/DEBUG_VS2019/IA32/MdePkg/Library/UefiBootServicesTableLib/UefiBootServicesTableLib/OUTPUT/UefiBootServicesTableLib.lib
f:/uefiworkspace/Build/EmulatorIA32/DEBUG_VS2019/IA32/MdePkg/Library/UefiRuntimeServicesTableLib/UefiRuntimeServicesTableLib/OUTPUT/UefiRuntimeServicesTableLib.lib
f:/uefiworkspace/Build/EmulatorIA32/DEBUG_VS2019/IA32/MdeModulePkg/Library/UefiHiiServicesLib/UefiHiiServicesLib/OUTPUT/UefiHiiServicesLib.lib
f:/uefiworkspace/Build/EmulatorIA32/DEBUG_VS2019/IA32/MdePkg/Library/UefiLib/UefiLib/OUTPUT/UefiLib.lib
f:/uefiworkspace/Build/EmulatorIA32/DEBUG_VS2019/IA32/MdeModulePkg/Library/VariablePolicyHelperLib/VariablePolicyHelperLib/OUTPUT/VariablePolicyHelperLib.lib
f:/uefiworkspace/Build/EmulatorIA32/DEBUG_VS2019/IA32/MdeModulePkg/Library/BaseSortLib/BaseSortLib/OUTPUT/BaseSortLib.lib
f:/uefiworkspace/Build/EmulatorIA32/DEBUG_VS2019/IA32/MdeModulePkg/Library/UefiHiiLib/UefiHiiLib/OUTPUT/UefiHiiLib.lib
f:/uefiworkspace/Build/EmulatorIA32/DEBUG_VS2019/IA32/MdePkg/Library/DxeServicesLib/DxeServicesLib/OUTPUT/DxeServicesLib.lib
f:/uefiworkspace/Build/EmulatorIA32/DEBUG_VS2019/IA32/MdePkg/Library/DxeServicesTableLib/DxeServicesTableLib/OUTPUT/DxeServicesTableLib.lib
f:/uefiworkspace/Build/EmulatorIA32/DEBUG_VS2019/IA32/MdePkg/Library/BasePeCoffGetEntryPointLib/BasePeCoffGetEntryPointLib/OUTPUT/BasePeCoffGetEntryPointLib.lib
f:/uefiworkspace/Build/EmulatorIA32/DEBUG_VS2019/IA32/MdePkg/Library/BasePerformanceLibNull/BasePerformanceLibNull/OUTPUT/BasePerformanceLibNull.lib
f:/uefiworkspace/Build/EmulatorIA32/DEBUG_VS2019/IA32/MdePkg/Library/DxeHobLib/DxeHobLib/OUTPUT/DxeHobLib.lib
f:/uefiworkspace/Build/EmulatorIA32/DEBUG_VS2019/IA32/MdePkg/Library/UefiDriverEntryPoint/UefiDriverEntryPoint/OUTPUT/UefiDriverEntryPoint.lib
f:/uefiworkspace/Build/EmulatorIA32/DEBUG_VS2019/IA32/MdeModulePkg/Library/UefiBootManagerLib/UefiBootManagerLib/OUTPUT/UefiBootManagerLib.lib