f:/uefiworkspace/Build/AppPkg/DEBUG_VS2019/IA32/StdLib/LibC/LibC/OUTPUT/Main/errno.obj
f:/uefiworkspace/Build/AppPkg/DEBUG_VS2019/IA32/StdLib/LibC/LibC/OUTPUT/Main/assert.obj
f:/uefiworkspace/Build/AppPkg/DEBUG_VS2019/IA32/StdLib/LibC/LibC/OUTPUT/Main/isinfd_ieee754.obj
f:/uefiworkspace/Build/AppPkg/DEBUG_VS2019/IA32/StdLib/LibC/LibC/OUTPUT/Main/isinff_ieee754.obj
f:/uefiworkspace/Build/AppPkg/DEBUG_VS2019/IA32/StdLib/LibC/LibC/OUTPUT/Main/isnand_ieee754.obj
f:/uefiworkspace/Build/AppPkg/DEBUG_VS2019/IA32/StdLib/LibC/LibC/OUTPUT/Main/isnanf_ieee754.obj
f:/uefiworkspace/Build/AppPkg/DEBUG_VS2019/IA32/StdLib/LibC/LibC/OUTPUT/Main/infinityf_ieee754.obj
f:/uefiworkspace/Build/AppPkg/DEBUG_VS2019/IA32/StdLib/LibC/LibC/OUTPUT/Main/Main.obj
f:/uefiworkspace/Build/AppPkg/DEBUG_VS2019/IA32/StdLib/LibC/LibC/OUTPUT/Main/HtoNtoH.obj
f:/uefiworkspace/Build/AppPkg/DEBUG_VS2019/IA32/StdLib/LibC/LibC/OUTPUT/Main/ByteSwap.obj
f:/uefiworkspace/Build/AppPkg/DEBUG_VS2019/IA32/StdLib/LibC/LibC/OUTPUT/Main/longjmp.obj
f:/uefiworkspace/Build/AppPkg/DEBUG_VS2019/IA32/StdLib/LibC/LibC/OUTPUT/Main/x86flt_rounds.obj
f:/uefiworkspace/Build/AppPkg/DEBUG_VS2019/IA32/StdLib/LibC/LibC/OUTPUT/Main/Ia32/fpu_rmode.obj
f:/uefiworkspace/Build/AppPkg/DEBUG_VS2019/IA32/StdLib/LibC/LibC/OUTPUT/Main/Ia32/isinfl.obj
f:/uefiworkspace/Build/AppPkg/DEBUG_VS2019/IA32/StdLib/LibC/LibC/OUTPUT/Main/Ia32/isnanl.obj
f:/uefiworkspace/edk2-libc/StdLib/LibC/Main/Ia32/ftol2.obj
f:/uefiworkspace/Build/AppPkg/DEBUG_VS2019/IA32/StdLib/LibC/LibC/OUTPUT/CRT/Ia32/llmul.obj
f:/uefiworkspace/Build/AppPkg/DEBUG_VS2019/IA32/StdLib/LibC/LibC/OUTPUT/CRT/Ia32/llshl.obj
f:/uefiworkspace/Build/AppPkg/DEBUG_VS2019/IA32/StdLib/LibC/LibC/OUTPUT/CRT/Ia32/llshr.obj
f:/uefiworkspace/Build/AppPkg/DEBUG_VS2019/IA32/StdLib/LibC/LibC/OUTPUT/CRT/Ia32/ulldiv.obj
f:/uefiworkspace/Build/AppPkg/DEBUG_VS2019/IA32/StdLib/LibC/LibC/OUTPUT/CRT/Ia32/ullrem.obj
f:/uefiworkspace/Build/AppPkg/DEBUG_VS2019/IA32/StdLib/LibC/LibC/OUTPUT/CRT/Ia32/ullshr.obj
f:/uefiworkspace/Build/AppPkg/DEBUG_VS2019/IA32/StdLib/LibC/LibC/OUTPUT/CRT/Ia32/lldiv.obj
f:/uefiworkspace/Build/AppPkg/DEBUG_VS2019/IA32/StdLib/LibC/LibC/OUTPUT/CRT/Ia32/llrem.obj
f:/uefiworkspace/Build/AppPkg/DEBUG_VS2019/IA32/StdLib/LibC/LibC/OUTPUT/CRT/Ia32/lldvrm.obj
f:/uefiworkspace/Build/AppPkg/DEBUG_VS2019/IA32/StdLib/LibC/LibC/OUTPUT/CRT/Ia32/ulldvrm.obj