f:/uefiworkspace/Build/AppPkg/DEBUG_VS2019/IA32/StdLib/LibC/Math/Math/OUTPUT/e_acos.obj
f:/uefiworkspace/Build/AppPkg/DEBUG_VS2019/IA32/StdLib/LibC/Math/Math/OUTPUT/e_asin.obj
f:/uefiworkspace/Build/AppPkg/DEBUG_VS2019/IA32/StdLib/LibC/Math/Math/OUTPUT/e_atan2.obj
f:/uefiworkspace/Build/AppPkg/DEBUG_VS2019/IA32/StdLib/LibC/Math/Math/OUTPUT/e_cosh.obj
f:/uefiworkspace/Build/AppPkg/DEBUG_VS2019/IA32/StdLib/LibC/Math/Math/OUTPUT/e_exp.obj
f:/uefiworkspace/Build/AppPkg/DEBUG_VS2019/IA32/StdLib/LibC/Math/Math/OUTPUT/e_sinh.obj
f:/uefiworkspace/Build/AppPkg/DEBUG_VS2019/IA32/StdLib/LibC/Math/Math/OUTPUT/e_log.obj
f:/uefiworkspace/Build/AppPkg/DEBUG_VS2019/IA32/StdLib/LibC/Math/Math/OUTPUT/e_log2.obj
f:/uefiworkspace/Build/AppPkg/DEBUG_VS2019/IA32/StdLib/LibC/Math/Math/OUTPUT/e_log10.obj
f:/uefiworkspace/Build/AppPkg/DEBUG_VS2019/IA32/StdLib/LibC/Math/Math/OUTPUT/e_pow.obj
f:/uefiworkspace/Build/AppPkg/DEBUG_VS2019/IA32/StdLib/LibC/Math/Math/OUTPUT/e_sqrt.obj
f:/uefiworkspace/Build/AppPkg/DEBUG_VS2019/IA32/StdLib/LibC/Math/Math/OUTPUT/e_fmod.obj
f:/uefiworkspace/Build/AppPkg/DEBUG_VS2019/IA32/StdLib/LibC/Math/Math/OUTPUT/e_rem_pio2.obj
f:/uefiworkspace/Build/AppPkg/DEBUG_VS2019/IA32/StdLib/LibC/Math/Math/OUTPUT/k_cos.obj
f:/uefiworkspace/Build/AppPkg/DEBUG_VS2019/IA32/StdLib/LibC/Math/Math/OUTPUT/k_sin.obj
f:/uefiworkspace/Build/AppPkg/DEBUG_VS2019/IA32/StdLib/LibC/Math/Math/OUTPUT/k_tan.obj
f:/uefiworkspace/Build/AppPkg/DEBUG_VS2019/IA32/StdLib/LibC/Math/Math/OUTPUT/k_rem_pio2.obj
f:/uefiworkspace/Build/AppPkg/DEBUG_VS2019/IA32/StdLib/LibC/Math/Math/OUTPUT/s_atan.obj
f:/uefiworkspace/Build/AppPkg/DEBUG_VS2019/IA32/StdLib/LibC/Math/Math/OUTPUT/s_cos.obj
f:/uefiworkspace/Build/AppPkg/DEBUG_VS2019/IA32/StdLib/LibC/Math/Math/OUTPUT/s_sin.obj
f:/uefiworkspace/Build/AppPkg/DEBUG_VS2019/IA32/StdLib/LibC/Math/Math/OUTPUT/s_tan.obj
f:/uefiworkspace/Build/AppPkg/DEBUG_VS2019/IA32/StdLib/LibC/Math/Math/OUTPUT/s_expm1.obj
f:/uefiworkspace/Build/AppPkg/DEBUG_VS2019/IA32/StdLib/LibC/Math/Math/OUTPUT/s_tanh.obj
f:/uefiworkspace/Build/AppPkg/DEBUG_VS2019/IA32/StdLib/LibC/Math/Math/OUTPUT/s_frexp.obj
f:/uefiworkspace/Build/AppPkg/DEBUG_VS2019/IA32/StdLib/LibC/Math/Math/OUTPUT/s_ldexp.obj
f:/uefiworkspace/Build/AppPkg/DEBUG_VS2019/IA32/StdLib/LibC/Math/Math/OUTPUT/s_scalbn.obj
f:/uefiworkspace/Build/AppPkg/DEBUG_VS2019/IA32/StdLib/LibC/Math/Math/OUTPUT/s_copysign.obj
f:/uefiworkspace/Build/AppPkg/DEBUG_VS2019/IA32/StdLib/LibC/Math/Math/OUTPUT/s_finite.obj
f:/uefiworkspace/Build/AppPkg/DEBUG_VS2019/IA32/StdLib/LibC/Math/Math/OUTPUT/s_infinity.obj
f:/uefiworkspace/Build/AppPkg/DEBUG_VS2019/IA32/StdLib/LibC/Math/Math/OUTPUT/s_modf.obj
f:/uefiworkspace/Build/AppPkg/DEBUG_VS2019/IA32/StdLib/LibC/Math/Math/OUTPUT/s_fabs.obj
f:/uefiworkspace/Build/AppPkg/DEBUG_VS2019/IA32/StdLib/LibC/Math/Math/OUTPUT/s_ceil.obj
f:/uefiworkspace/Build/AppPkg/DEBUG_VS2019/IA32/StdLib/LibC/Math/Math/OUTPUT/s_floor.obj
f:/uefiworkspace/Build/AppPkg/DEBUG_VS2019/IA32/StdLib/LibC/Math/Math/OUTPUT/w_acos.obj
f:/uefiworkspace/Build/AppPkg/DEBUG_VS2019/IA32/StdLib/LibC/Math/Math/OUTPUT/w_asin.obj
f:/uefiworkspace/Build/AppPkg/DEBUG_VS2019/IA32/StdLib/LibC/Math/Math/OUTPUT/w_atan2.obj
f:/uefiworkspace/Build/AppPkg/DEBUG_VS2019/IA32/StdLib/LibC/Math/Math/OUTPUT/w_cosh.obj
f:/uefiworkspace/Build/AppPkg/DEBUG_VS2019/IA32/StdLib/LibC/Math/Math/OUTPUT/w_sinh.obj
f:/uefiworkspace/Build/AppPkg/DEBUG_VS2019/IA32/StdLib/LibC/Math/Math/OUTPUT/w_exp.obj
f:/uefiworkspace/Build/AppPkg/DEBUG_VS2019/IA32/StdLib/LibC/Math/Math/OUTPUT/w_log.obj
f:/uefiworkspace/Build/AppPkg/DEBUG_VS2019/IA32/StdLib/LibC/Math/Math/OUTPUT/w_log2.obj
f:/uefiworkspace/Build/AppPkg/DEBUG_VS2019/IA32/StdLib/LibC/Math/Math/OUTPUT/w_log10.obj
f:/uefiworkspace/Build/AppPkg/DEBUG_VS2019/IA32/StdLib/LibC/Math/Math/OUTPUT/w_pow.obj
f:/uefiworkspace/Build/AppPkg/DEBUG_VS2019/IA32/StdLib/LibC/Math/Math/OUTPUT/w_sqrt.obj
f:/uefiworkspace/Build/AppPkg/DEBUG_VS2019/IA32/StdLib/LibC/Math/Math/OUTPUT/w_fmod.obj