f:/uefiworkspace/Build/AppPkg/DEBUG_VS2019/IA32/StdLib/LibC/Locale/Locale/OUTPUT/__mb_cur_max.obj
f:/uefiworkspace/Build/AppPkg/DEBUG_VS2019/IA32/StdLib/LibC/Locale/Locale/OUTPUT/_def_messages.obj
f:/uefiworkspace/Build/AppPkg/DEBUG_VS2019/IA32/StdLib/LibC/Locale/Locale/OUTPUT/_def_monetary.obj
f:/uefiworkspace/Build/AppPkg/DEBUG_VS2019/IA32/StdLib/LibC/Locale/Locale/OUTPUT/_def_numeric.obj
f:/uefiworkspace/Build/AppPkg/DEBUG_VS2019/IA32/StdLib/LibC/Locale/Locale/OUTPUT/_def_time.obj
f:/uefiworkspace/Build/AppPkg/DEBUG_VS2019/IA32/StdLib/LibC/Locale/Locale/OUTPUT/aliasname.obj
f:/uefiworkspace/Build/AppPkg/DEBUG_VS2019/IA32/StdLib/LibC/Locale/Locale/OUTPUT/ctypeio.obj
f:/uefiworkspace/Build/AppPkg/DEBUG_VS2019/IA32/StdLib/LibC/Locale/Locale/OUTPUT/localeconv.obj
f:/uefiworkspace/Build/AppPkg/DEBUG_VS2019/IA32/StdLib/LibC/Locale/Locale/OUTPUT/nl_langinfo.obj
f:/uefiworkspace/Build/AppPkg/DEBUG_VS2019/IA32/StdLib/LibC/Locale/Locale/OUTPUT/setlocale1.obj
f:/uefiworkspace/Build/AppPkg/DEBUG_VS2019/IA32/StdLib/LibC/Locale/Locale/OUTPUT/setlocale32.obj
f:/uefiworkspace/Build/AppPkg/DEBUG_VS2019/IA32/StdLib/LibC/Locale/Locale/OUTPUT/setlocale.obj
f:/uefiworkspace/Build/AppPkg/DEBUG_VS2019/IA32/StdLib/LibC/Locale/Locale/OUTPUT/wcscoll.obj
f:/uefiworkspace/Build/AppPkg/DEBUG_VS2019/IA32/StdLib/LibC/Locale/Locale/OUTPUT/wcsftime.obj
f:/uefiworkspace/Build/AppPkg/DEBUG_VS2019/IA32/StdLib/LibC/Locale/Locale/OUTPUT/wcstoimax.obj
f:/uefiworkspace/Build/AppPkg/DEBUG_VS2019/IA32/StdLib/LibC/Locale/Locale/OUTPUT/wcstol.obj
f:/uefiworkspace/Build/AppPkg/DEBUG_VS2019/IA32/StdLib/LibC/Locale/Locale/OUTPUT/wcstoll.obj
f:/uefiworkspace/Build/AppPkg/DEBUG_VS2019/IA32/StdLib/LibC/Locale/Locale/OUTPUT/wcstoul.obj
f:/uefiworkspace/Build/AppPkg/DEBUG_VS2019/IA32/StdLib/LibC/Locale/Locale/OUTPUT/wcstoull.obj
f:/uefiworkspace/Build/AppPkg/DEBUG_VS2019/IA32/StdLib/LibC/Locale/Locale/OUTPUT/wcstoumax.obj
f:/uefiworkspace/Build/AppPkg/DEBUG_VS2019/IA32/StdLib/LibC/Locale/Locale/OUTPUT/wcstod.obj
f:/uefiworkspace/Build/AppPkg/DEBUG_VS2019/IA32/StdLib/LibC/Locale/Locale/OUTPUT/wcstof.obj
f:/uefiworkspace/Build/AppPkg/DEBUG_VS2019/IA32/StdLib/LibC/Locale/Locale/OUTPUT/wcstold.obj
f:/uefiworkspace/Build/AppPkg/DEBUG_VS2019/IA32/StdLib/LibC/Locale/Locale/OUTPUT/wcsxfrm.obj
f:/uefiworkspace/Build/AppPkg/DEBUG_VS2019/IA32/StdLib/LibC/Locale/Locale/OUTPUT/multibyte_Utf8.obj
f:/uefiworkspace/Build/AppPkg/DEBUG_VS2019/IA32/StdLib/LibC/Locale/Locale/OUTPUT/iswctype_sb.obj